Arguments: 
  /Users/dzack/.nvm/versions/node/v10.16.3/bin/node /Users/dzack/.yarn/bin/yarn.js

PATH: 
  /Users/dzack/.yarn/bin:/Users/dzack/.config/yarn/global/node_modules/.bin:/Users/dzack/.nvm/versions/node/v10.16.3/bin:/Users/dzack/.cargo/bin:/usr/local/bin:/usr/bin:/bin:/usr/sbin:/sbin:/Users/dzack/.go/bin:/usr/local/opt/go/libexec/bin:/Applications/Visual Studio Code.app/Contents/Resources/app/bin

Yarn version: 
  1.22.4

Node version: 
  10.16.3

Platform: 
  darwin x64

Trace: 
  Invariant Violation: could not find a copy of rimraf to link in /Users/dzack/Arbiswap_V2_mono/node_modules/@uniswap/interface/node_modules/@uniswap/sdk/node_modules/@uniswap/v2-core/node_modules
      at invariant (/Users/dzack/.yarn/lib/cli.js:2314:15)
      at PackageLinker.<anonymous> (/Users/dzack/.yarn/lib/cli.js:48716:7)
      at Generator.next (<anonymous>)
      at step (/Users/dzack/.yarn/lib/cli.js:310:30)
      at /Users/dzack/.yarn/lib/cli.js:321:13
      at process._tickCallback (internal/process/next_tick.js:68:7)

npm manifest: 
  {
  
        "name": "@uniswap/sdk",
        "license": "MIT",
        "version": "3.0.2",
        "description": "🛠 An SDK for building applications on top of Uniswap.",
        "main": "dist/index.js",
        "typings": "dist/index.d.ts",
        "files": [
          "dist"
        ],
        "repository": "https://github.com/Uniswap/uniswap-sdk.git",
        "keywords": [
          "uniswap",
          "ethereum"
        ],
        "module": "dist/sdk.esm.js",
        "scripts": {
          "lint": "tsdx lint src test",
          "build": "tsdx build",
          "start": "tsdx watch",
          "test": "tsdx test",
          "prepublishOnly": "tsdx build"
        },
        "dependencies": {
          "@uniswap/v2-core": "^1.0.0",
          "big.js": "^5.2.2",
          "decimal.js-light": "^2.5.0",
          "jsbi": "^3.1.1",
          "tiny-invariant": "^1.1.0",
          "tiny-warning": "^1.0.3",
          "toformat": "^2.0.0"
        },
        "peerDependencies": {
          "@ethersproject/address": "^5.0.0-beta",
          "@ethersproject/contracts": "^5.0.0-beta",
          "@ethersproject/networks": "^5.0.0-beta",
          "@ethersproject/providers": "^5.0.0-beta",
          "@ethersproject/solidity": "^5.0.0-beta"
        },
        "devDependencies": {
          "@ethersproject/address": "^5.0.2",
          "@ethersproject/contracts": "^5.0.2",
          "@ethersproject/networks": "^5.0.2",
          "@ethersproject/providers": "^5.0.5",
          "@ethersproject/solidity": "^5.0.2",
          "@types/big.js": "^4.0.5",
          "@types/jest": "^24.0.25",
          "babel-plugin-transform-jsbi-to-bigint": "^1.3.1",
          "tsdx": "^0.12.3"
        },
        "engines": {
          "node": ">=10"
        },
        "prettier": {
          "printWidth": 120,
          "semi": false,
          "singleQuote": true
        }
      }

yarn manifest: 
  No manifest

Lockfile: 
  No lockfile
